1521392956.817227 client started (93070): version 2.6, socket /private/tmp/tmux-501/default, protocol 8
1521392956.817259 on Darwin 15.6.0 Darwin Kernel Version 15.6.0: Thu Jun 23 18:25:34 PDT 2016; root:xnu-3248.60.10~1/RELEASE_X86_64; libevent 2.1.8-stable (select)
1521392956.817284 socket is /private/tmp/tmux-501/default
1521392956.817295 trying connect
1521392956.817367 add peer 0x7fdea2801000: 6 (0x0)
1521392956.824652 sending message 100 to peer 0x7fdea2801000 (4 bytes)
1521392956.824685 sending message 101 to peer 0x7fdea2801000 (15 bytes)
1521392956.824693 sending message 102 to peer 0x7fdea2801000 (13 bytes)
1521392956.824699 sending message 108 to peer 0x7fdea2801000 (36 bytes)
1521392956.824711 sending message 104 to peer 0x7fdea2801000 (0 bytes)
1521392956.824717 sending message 107 to peer 0x7fdea2801000 (4 bytes)
1521392956.824724 sending message 105 to peer 0x7fdea2801000 (76 bytes)
1521392956.824731 sending message 105 to peer 0x7fdea2801000 (16 bytes)
1521392956.824737 sending message 105 to peer 0x7fdea2801000 (15 bytes)
1521392956.824744 sending message 105 to peer 0x7fdea2801000 (20 bytes)
1521392956.824750 sending message 105 to peer 0x7fdea2801000 (22 bytes)
1521392956.824756 sending message 105 to peer 0x7fdea2801000 (11 bytes)
1521392956.824763 sending message 105 to peer 0x7fdea2801000 (1558 bytes)
1521392956.824789 sending message 105 to peer 0x7fdea2801000 (19 bytes)
1521392956.824796 sending message 105 to peer 0x7fdea2801000 (22 bytes)
1521392956.824802 sending message 105 to peer 0x7fdea2801000 (61 bytes)
1521392956.824809 sending message 105 to peer 0x7fdea2801000 (17 bytes)
1521392956.824815 sending message 105 to peer 0x7fdea2801000 (15 bytes)
1521392956.824822 sending message 105 to peer 0x7fdea2801000 (2493 bytes)
1521392956.824831 sending message 105 to peer 0x7fdea2801000 (30 bytes)
1521392956.824838 sending message 105 to peer 0x7fdea2801000 (197 bytes)
1521392956.824844 sending message 105 to peer 0x7fdea2801000 (10 bytes)
1521392956.824851 sending message 105 to peer 0x7fdea2801000 (40 bytes)
1521392956.824857 sending message 105 to peer 0x7fdea2801000 (24 bytes)
1521392956.824863 sending message 105 to peer 0x7fdea2801000 (15 bytes)
1521392956.824870 sending message 105 to peer 0x7fdea2801000 (8 bytes)
1521392956.824876 sending message 105 to peer 0x7fdea2801000 (66 bytes)
1521392956.824883 sending message 105 to peer 0x7fdea2801000 (20 bytes)
1521392956.824889 sending message 105 to peer 0x7fdea2801000 (23 bytes)
1521392956.824895 sending message 105 to peer 0x7fdea2801000 (32 bytes)
1521392956.824902 sending message 105 to peer 0x7fdea2801000 (60 bytes)
1521392956.824908 sending message 105 to peer 0x7fdea2801000 (57 bytes)
1521392956.824919 sending message 105 to peer 0x7fdea2801000 (42 bytes)
1521392956.824925 sending message 105 to peer 0x7fdea2801000 (13 bytes)
1521392956.824932 sending message 105 to peer 0x7fdea2801000 (72 bytes)
1521392956.824938 sending message 105 to peer 0x7fdea2801000 (74 bytes)
1521392956.824944 sending message 105 to peer 0x7fdea2801000 (47 bytes)
1521392956.824951 sending message 105 to peer 0x7fdea2801000 (75 bytes)
1521392956.824957 sending message 105 to peer 0x7fdea2801000 (12 bytes)
1521392956.824964 sending message 105 to peer 0x7fdea2801000 (14 bytes)
1521392956.824970 sending message 105 to peer 0x7fdea2801000 (19 bytes)
1521392956.824976 sending message 105 to peer 0x7fdea2801000 (35 bytes)
1521392956.824982 sending message 105 to peer 0x7fdea2801000 (43 bytes)
1521392956.825063 sending message 105 to peer 0x7fdea2801000 (48 bytes)
1521392956.825072 sending message 105 to peer 0x7fdea2801000 (46 bytes)
1521392956.825078 sending message 105 to peer 0x7fdea2801000 (32 bytes)
1521392956.825085 sending message 105 to peer 0x7fdea2801000 (49 bytes)
1521392956.825091 sending message 105 to peer 0x7fdea2801000 (21 bytes)
1521392956.825098 sending message 105 to peer 0x7fdea2801000 (39 bytes)
1521392956.825104 sending message 105 to peer 0x7fdea2801000 (50 bytes)
1521392956.825111 sending message 105 to peer 0x7fdea2801000 (21 bytes)
1521392956.825117 sending message 105 to peer 0x7fdea2801000 (22 bytes)
1521392956.825275 sending message 105 to peer 0x7fdea2801000 (67 bytes)
1521392956.825283 sending message 105 to peer 0x7fdea2801000 (25 bytes)
1521392956.825642 sending message 105 to peer 0x7fdea2801000 (38 bytes)
1521392956.825662 sending message 105 to peer 0x7fdea2801000 (35 bytes)
1521392956.825672 sending message 105 to peer 0x7fdea2801000 (42 bytes)
1521392956.825680 sending message 105 to peer 0x7fdea2801000 (21 bytes)
1521392956.825686 sending message 105 to peer 0x7fdea2801000 (38 bytes)
1521392956.825693 sending message 105 to peer 0x7fdea2801000 (17 bytes)
1521392956.825700 sending message 105 to peer 0x7fdea2801000 (17 bytes)
1521392956.825707 sending message 105 to peer 0x7fdea2801000 (15 bytes)
1521392956.825714 sending message 106 to peer 0x7fdea2801000 (0 bytes)
1521392956.825763 sending message 200 to peer 0x7fdea2801000 (4 bytes)
1521392956.825774 client loop enter
1521392956.827079 peer 0x7fdea2801000 message 211
1521392956.827104 peer 0x7fdea2801000 message 203
1521392956.827112 client loop exit
